<?xml version="1.0" encoding="UTF-8"?>
<!-- Generated by org.testng.reporters.JUnitReportReporter -->
<testsuite hostname="YMORE2L3" failures="0" tests="1" name="org.yogesh.maven_learning.seleTest" time="0.003" errors="0" timestamp="2020-06-16T21:28:05 IST" skipped="0">
  <testcase classname="org.yogesh.maven_learning.seleTest" name="BrowserAutomation" time="0.003"/>
  <system-out/>
</testsuite> <!-- org.yogesh.maven_learning.seleTest -->
