<?xml version="1.0" encoding="UTF-8"?>
<!-- Generated by org.testng.reporters.JUnitReportReporter -->
<testsuite skipped="0" hostname="YMORE2L3" name="test.Try" tests="1" failures="0" timestamp="2020-06-13T20:37:02 IST" time="0.005" errors="0">
  <testcase name="tryme" time="0.005" classname="test.Try"/>
  <system-out/>
</testsuite> <!-- test.Try -->
