<?xml version="1.0" encoding="UTF-8"?>
<!-- Generated by org.testng.reporters.JUnitReportReporter -->
<testsuite skipped="0" hostname="YMORE2L3" name="test.Apple" tests="3" failures="0" timestamp="2020-06-12T00:48:21 IST" time="0.007" errors="0">
  <testcase name="WashingMachineApple" time="0.000" classname="test.Apple"/>
  <system-out/>
  <testcase name="TVApple" time="0.001" classname="test.Apple"/>
  <system-out/>
  <testcase name="MobileApple" time="0.006" classname="test.Apple"/>
  <system-out/>
</testsuite> <!-- test.Apple -->
