<?xml version="1.0" encoding="UTF-8"?>
<!-- Generated by org.testng.reporters.JUnitReportReporter -->
<testsuite skipped="0" hostname="YMORE2L3" name="test.LG" tests="3" failures="0" timestamp="2020-06-14T22:33:51 IST" time="0.002" errors="0">
  <testcase name="MobileLG" time="0.001" classname="test.LG"/>
  <system-out/>
  <testcase name="TVLG" time="0.000" classname="test.LG"/>
  <system-out/>
  <testcase name="WashingMachineLG" time="0.001" classname="test.LG"/>
  <system-out/>
</testsuite> <!-- test.LG -->
