<?xml version="1.0" encoding="UTF-8"?>
<!-- Generated by org.testng.reporters.JUnitReportReporter -->
<testsuite skipped="0" hostname="YMORE2L3" name="test.one" tests="3" failures="0" timestamp="2020-06-14T22:33:51 IST" time="0.002" errors="0">
  <testcase name="checkemo" time="0.001" classname="test.one"/>
  <system-out/>
  <testcase name="ElectricHeater" time="0.001" classname="test.one"/>
  <system-out/>
  <testcase name="ElectricCooker" time="0.000" classname="test.one"/>
  <system-out/>
</testsuite> <!-- test.one -->
