<?xml version="1.0" encoding="UTF-8"?>
<!-- Generated by org.testng.reporters.JUnitReportReporter -->
<testsuite skipped="0" hostname="YMORE2L3" name="test.one" tests="1" failures="0" timestamp="2020-06-13T00:03:29 IST" time="0.006" errors="0">
  <testcase name="ElectricCooker" time="0.006" classname="test.one"/>
  <system-out/>
</testsuite> <!-- test.one -->
