<?xml version="1.0" encoding="UTF-8"?>
<!-- Generated by org.testng.reporters.JUnitReportReporter -->
<testsuite skipped="0" hostname="YMORE2L3" name="test.Apple" tests="1" failures="0" timestamp="2020-06-13T00:03:29 IST" time="0.001" errors="0">
  <testcase name="WashingMachineApple" time="0.001" classname="test.Apple"/>
  <system-out/>
</testsuite> <!-- test.Apple -->
