<?xml version="1.0" encoding="UTF-8"?>
<!-- Generated by org.testng.reporters.JUnitReportReporter -->
<testsuite skipped="0" hostname="YMORE2L3" name="test.Apple" tests="3" failures="0" timestamp="2020-06-14T22:33:51 IST" time="0.005" errors="0">
  <testcase name="MobileApple" time="0.003" classname="test.Apple"/>
  <system-out/>
  <testcase name="WashingMachineApple" time="0.001" classname="test.Apple"/>
  <system-out/>
  <testcase name="TVApple" time="0.001" classname="test.Apple"/>
  <system-out/>
</testsuite> <!-- test.Apple -->
