<?xml version="1.0" encoding="UTF-8"?>
<!-- Generated by org.testng.reporters.JUnitReportReporter -->
<testsuite skipped="0" hostname="YMORE2L3" name="test.one" tests="2" failures="0" timestamp="2020-06-12T00:48:21 IST" time="0.001" errors="0">
  <testcase name="FirstTest" time="0.001" classname="test.one"/>
  <system-out/>
  <testcase name="SecondTest" time="0.000" classname="test.one"/>
  <system-out/>
</testsuite> <!-- test.one -->
