<?xml version="1.0" encoding="UTF-8"?>
<!-- Generated by org.testng.reporters.JUnitReportReporter -->
<testsuite skipped="0" hostname="YMORE2L3" name="test.Samsung" tests="5" failures="0" timestamp="2020-06-12T00:48:21 IST" time="0.005" errors="0">
  <testcase name="MobileSamsungtwo" time="0.001" classname="test.Samsung"/>
  <system-out/>
  <testcase name="WashingMachineSamsung" time="0.001" classname="test.Samsung"/>
  <system-out/>
  <testcase name="MobileSamsungone" time="0.001" classname="test.Samsung"/>
  <system-out/>
  <testcase name="MobileSamsung" time="0.001" classname="test.Samsung"/>
  <system-out/>
  <testcase name="TVSamsung" time="0.001" classname="test.Samsung"/>
  <system-out/>
</testsuite> <!-- test.Samsung -->
